-------------------------------------------------------------------------------
Test set: com.verification.structural.BookingRepositoryVerification
-------------------------------------------------------------------------------
Tests run: 1, Failures: 1, Errors: 0, Skipped: 0, Time elapsed: 0 s <<< FAILURE! - in com.verification.structural.BookingRepositoryVerification
inheritance  Time elapsed: 0 s  <<< FAILURE!
org.opentest4j.AssertionFailedError: expected: <true> but was: <false>
	at com.verification.structural.BookingRepositoryVerification.inheritance(BookingRepositoryVerification.java:16)

