<?xml version="1.0" encoding="UTF-8"?>
<testsuite xmlns:xsi="http://www.w3.org/2001/XMLSchema-instance" xsi:noNamespaceSchemaLocation="https://maven.apache.org/surefire/maven-surefire-plugin/xsd/surefire-test-report.xsd" name="com.verification.structural.CabBookingServiceImplVerification" time="0.001" tests="7" errors="1" skipped="0" failures="3">
  <properties>
[...]
</properties>
  <testcase name="annotations$ServiceAnnotation" classname="com.verification.structural.CabBookingServiceImplVerification" time="0">
    <error type="java.lang.NullPointerException">java.lang.NullPointerException
	at com.verification.structural.CabBookingServiceImplVerification.annotations$ServiceAnnotation(CabBookingServiceImplVerification.java:31)
</error>
  </testcase>
  <testcase name="attributes$BookingRepositoryAttributeAutowiredAnnotation" classname="com.verification.structural.CabBookingServiceImplVerification" time="0">
    <failure message="expected: &lt;true&gt; but was: &lt;false&gt;" type="org.opentest4j.AssertionFailedError"><![CDATA[org.opentest4j.AssertionFailedError: expected: <true> but was: <false>
	at com.verification.structural.CabBookingServiceImplVerification.attributes$BookingRepositoryAttributeAutowiredAnnotation(CabBookingServiceImplVerification.java:75)
]]></failure>
  </testcase>
  <testcase name="annotations$TransactionalAnnotation" classname="com.verification.structural.CabBookingServiceImplVerification" time="0">
    <failure message="expected: &lt;true&gt; but was: &lt;false&gt;" type="org.opentest4j.AssertionFailedError"><![CDATA[org.opentest4j.AssertionFailedError: expected: <true> but was: <false>
	at com.verification.structural.CabBookingServiceImplVerification.annotations$TransactionalAnnotation(CabBookingServiceImplVerification.java:46)
]]></failure>
  </testcase>
  <testcase name="bookCab" classname="com.verification.structural.CabBookingServiceImplVerification" time="0"/>
  <testcase name="attributes$CabRepositoryAttributeAutowiredAnnotation" classname="com.verification.structural.CabBookingServiceImplVerification" time="0">
    <failure message="expected: &lt;true&gt; but was: &lt;false&gt;" type="org.opentest4j.AssertionFailedError"><![CDATA[org.opentest4j.AssertionFailedError: expected: <true> but was: <false>
	at com.verification.structural.CabBookingServiceImplVerification.attributes$CabRepositoryAttributeAutowiredAnnotation(CabBookingServiceImplVerification.java:83)
]]></failure>
  </testcase>
  <testcase name="attributes" classname="com.verification.structural.CabBookingServiceImplVerification" time="0"/>
  <testcase name="getDetailsByBookingType" classname="com.verification.structural.CabBookingServiceImplVerification" time="0"/>
</testsuite>